<?xml version="1.0" encoding="UTF-8"?>
<testsuite xmlns:xsi="http://www.w3.org/2001/XMLSchema-instance" xsi:schemaLocation="https://maven.apache.org/surefire/maven-surefire-plugin/xsd/surefire-test-report.xsd" name="domainapp.application.integtests.mml.MetaModelService_IntegTest" time="3.094" tests="2" errors="0" skipped="2" failures="0">
  <properties>
[...]
</properties>
  <testcase name="_2_verify" classname="domainapp.application.integtests.mml.MetaModelService_IntegTest" time="0">
    <skipped/>
    <system-out><![CDATA[07:37:22,766  [HeadlessWithBootstrappingAbstract main       INFO ]  isis.integTest.module = 
07:37:23,095  [Reflections          main       INFO ]  Reflections took 249 ms to scan 8 urls, producing 338 keys and 1555 values 
329   [Reflections               main       INFO ]  Reflections took 249 ms to scan 8 urls, producing 338 keys and 1555 values 
07:37:23,227  [ServicesInstallerFromConfigurationAndAnnotation main       INFO ]  installing org.apache.isis.core.runtime.services.ServicesInstallerFromConfigurationAndAnnotation
461   [onfigurationAndAnnotation main       INFO ]  installing org.apache.isis.core.runtime.services.ServicesInstallerFromConfigurationAndAnnotation
07:37:23,384  [IsisSessionFactoryBuilder main       INFO ]  initialising Isis System
618   [IsisSessionFactoryBuilder main       INFO ]  initialising Isis System
07:37:23,384  [IsisSessionFactoryBuilder main       INFO ]  working directory: /home/taslehoof/IdeaProjects/jslRepo/application/.
618   [IsisSessionFactoryBuilder main       INFO ]  working directory: /home/taslehoof/IdeaProjects/jslRepo/application/.
07:37:23,385  [IsisSessionFactoryBuilder main       INFO ]  resource stream source: null
619   [IsisSessionFactoryBuilder main       INFO ]  resource stream source: null
07:37:23,608  [SpecificationLoader  Thread-2   INFO ]  Loading all specs (up to state of NOT_INTROSPECTED)
842   [SpecificationLoader       Thread-2   INFO ]  Loading all specs (up to state of NOT_INTROSPECTED)
07:37:23,611  [PersistenceSessionFactory Thread-3   INFO ]  did *not* find config properties to use JNDI datasource; will use JDBC
845   [PersistenceSessionFactory Thread-3   INFO ]  did *not* find config properties to use JNDI datasource; will use JDBC
07:37:23,696  [SpecificationLoader  Thread-2   INFO ]  Introspecting all specs up to TYPE_INTROSPECTED
930   [SpecificationLoader       Thread-2   INFO ]  Introspecting all specs up to TYPE_INTROSPECTED
07:37:24,118  [ThreadPoolSupport    Thread-2   INFO ]  join'ing 142 tasks: waited 0 milliseconds 
1352  [ThreadPoolSupport         Thread-2   INFO ]  join'ing 142 tasks: waited 0 milliseconds 
07:37:24,118  [SpecificationLoader  Thread-2   INFO ]  Introspecting domainService specs up to TYPE_AND_MEMBERS_INTROSPECTED
1352  [SpecificationLoader       Thread-2   INFO ]  Introspecting domainService specs up to TYPE_AND_MEMBERS_INTROSPECTED
07:37:24,289  [ThreadPoolSupport    Thread-2   INFO ]  join'ing 90 tasks: waited 0 milliseconds 
1523  [ThreadPoolSupport         Thread-2   INFO ]  join'ing 90 tasks: waited 0 milliseconds 
07:37:24,289  [SpecificationLoader  Thread-2   INFO ]  Introspecting mixin specs up to TYPE_AND_MEMBERS_INTROSPECTED
1523  [SpecificationLoader       Thread-2   INFO ]  Introspecting mixin specs up to TYPE_AND_MEMBERS_INTROSPECTED
07:37:24,299  [ThreadPoolSupport    Thread-2   INFO ]  join'ing 11 tasks: waited 0 milliseconds 
1533  [ThreadPoolSupport         Thread-2   INFO ]  join'ing 11 tasks: waited 0 milliseconds 
07:37:24,299  [SpecificationLoader  Thread-2   INFO ]  Introspecting all cached specs up to TYPE_AND_MEMBERS_INTROSPECTED
1533  [SpecificationLoader       Thread-2   INFO ]  Introspecting all cached specs up to TYPE_AND_MEMBERS_INTROSPECTED
07:37:24,376  [ThreadPoolSupport    Thread-2   INFO ]  join'ing 172 tasks: waited 1 milliseconds 
1610  [ThreadPoolSupport         Thread-2   INFO ]  join'ing 172 tasks: waited 1 milliseconds 
07:37:24,376  [SpecificationLoader  Thread-2   INFO ]  init() - done
1610  [SpecificationLoader       Thread-2   INFO ]  init() - done
07:37:24,696  [Schema               Thread-3   DEBUG]  La columna ""DELETEME1622630244691"."UNUSED"" añadió a la representación de la table.
07:37:24,700  [Schema               Thread-3   DEBUG]  Crear la tabla "DELETEME1622630244691"
07:37:24,703  [Schema               Thread-3   DEBUG]  CREATE TABLE "DELETEME1622630244691"
(
    "UNUSED" INTEGER NOT NULL
)
07:37:24,704  [Schema               Thread-3   DEBUG]  Tiempo de cumplir = 1 ms
07:37:24,715  [Schema               Thread-3   DEBUG]  Borrar la tabla "DELETEME1622630244691"
07:37:24,715  [Schema               Thread-3   DEBUG]  DROP TABLE "DELETEME1622630244691"
07:37:24,716  [Schema               Thread-3   DEBUG]  Tiempo de cumplir = 1 ms
07:37:25,027  [Schema               Thread-3   DEBUG]  La columna ""DELETEME1622630245027"."UNUSED"" añadió a la representación de la table.
07:37:25,027  [Schema               Thread-3   DEBUG]  Crear la tabla "DELETEME1622630245027"
07:37:25,028  [Schema               Thread-3   DEBUG]  CREATE TABLE "DELETEME1622630245027"
(
    "UNUSED" INTEGER NOT NULL
)
07:37:25,028  [Schema               Thread-3   DEBUG]  Tiempo de cumplir = 0 ms
07:37:25,032  [Schema               Thread-3   DEBUG]  Borrar la tabla "DELETEME1622630245027"
07:37:25,032  [Schema               Thread-3   DEBUG]  DROP TABLE "DELETEME1622630245027"
07:37:25,033  [Schema               Thread-3   DEBUG]  Tiempo de cumplir = 1 ms
07:37:25,132  [Schema               Thread-3   DEBUG]  La columna ""simple"."SimpleObject"."id"" añadió a la representación de la table.
07:37:25,133  [Schema               Thread-3   DEBUG]  Campo [DATASTORE_ID] -> Columnas ["simple"."SimpleObject"."id"] usando mapping del tipo "org.datanucleus.store.rdbms.mapping.java.DatastoreIdMapping" (org.datanucleus.store.rdbms.mapping.datastore.BigIntRDBMSMapping)
07:37:25,135  [Schema               Thread-3   DEBUG]  La columna ""simple"."Operador"."id"" añadió a la representación de la table.
07:37:25,136  [Schema               Thread-3   DEBUG]  Campo [DATASTORE_ID] -> Columnas ["simple"."Operador"."id"] usando mapping del tipo "org.datanucleus.store.rdbms.mapping.java.DatastoreIdMapping" (org.datanucleus.store.rdbms.mapping.datastore.BigIntRDBMSMapping)
07:37:25,136  [Schema               Thread-3   DEBUG]  La columna ""simple"."Reclamo"."id"" añadió a la representación de la table.
07:37:25,136  [Schema               Thread-3   DEBUG]  Campo [DATASTORE_ID] -> Columnas ["simple"."Reclamo"."id"] usando mapping del tipo "org.datanucleus.store.rdbms.mapping.java.DatastoreIdMapping" (org.datanucleus.store.rdbms.mapping.datastore.BigIntRDBMSMapping)
07:37:25,136  [Schema               Thread-3   DEBUG]  La columna ""simple"."Tecnico"."id"" añadió a la representación de la table.
07:37:25,136  [Schema               Thread-3   DEBUG]  Campo [DATASTORE_ID] -> Columnas ["simple"."Tecnico"."id"] usando mapping del tipo "org.datanucleus.store.rdbms.mapping.java.DatastoreIdMapping" (org.datanucleus.store.rdbms.mapping.datastore.BigIntRDBMSMapping)
07:37:25,137  [Schema               Thread-3   DEBUG]  La tabla "simple"."Reclamo" va a manejar la persistencia de los campos de la clase domainapp.modules.simple.dom.reclamos.Reclamo (estrategia de heredar="new-table")
07:37:25,138  [Schema               Thread-3   DEBUG]  La columna ""simple"."Reclamo"."apellido"" añadió a la representación de la table.
07:37:25,140  [Schema               Thread-3   DEBUG]  Campo [domainapp.modules.simple.dom.reclamos.Reclamo.apellido] -> Columnas ["simple"."Reclamo"."apellido"] usando mapping del tipo "org.datanucleus.store.rdbms.mapping.java.StringMapping" (org.datanucleus.store.rdbms.mapping.datastore.VarCharRDBMSMapping)
07:37:25,141  [Schema               Thread-3   DEBUG]  La columna ""simple"."Reclamo"."direccion"" añadió a la representación de la table.
07:37:25,141  [Schema               Thread-3   DEBUG]  Campo [domainapp.modules.simple.dom.reclamos.Reclamo.direccion] -> Columnas ["simple"."Reclamo"."direccion"] usando mapping del tipo "org.datanucleus.store.rdbms.mapping.java.StringMapping" (org.datanucleus.store.rdbms.mapping.datastore.VarCharRDBMSMapping)
07:37:25,141  [Schema               Thread-3   DEBUG]  La columna ""simple"."Reclamo"."nombre"" añadió a la representación de la table.
07:37:25,141  [Schema               Thread-3   DEBUG]  Campo [domainapp.modules.simple.dom.reclamos.Reclamo.nombre] -> Columnas ["simple"."Reclamo"."nombre"] usando mapping del tipo "org.datanucleus.store.rdbms.mapping.java.StringMapping" (org.datanucleus.store.rdbms.mapping.datastore.VarCharRDBMSMapping)
07:37:25,142  [Schema               Thread-3   DEBUG]  La columna ""simple"."Reclamo"."telefono"" añadió a la representación de la table.
07:37:25,142  [Schema               Thread-3   DEBUG]  Campo [domainapp.modules.simple.dom.reclamos.Reclamo.telefono] -> Columnas ["simple"."Reclamo"."telefono"] usando mapping del tipo "org.datanucleus.store.rdbms.mapping.java.StringMapping" (org.datanucleus.store.rdbms.mapping.datastore.VarCharRDBMSMapping)
07:37:25,142  [Schema               Thread-3   DEBUG]  La columna ""simple"."Reclamo"."version"" añadió a la representación de la table.
07:37:25,145  [Schema               Thread-3   DEBUG]  Campo [VERSION] -> Columnas ["simple"."Reclamo"."version"] usando mapping del tipo "org.datanucleus.store.rdbms.mapping.java.VersionTimestampMapping" (org.datanucleus.store.rdbms.mapping.datastore.TimestampRDBMSMapping)
07:37:25,145  [Schema               Thread-3   DEBUG]  Table/View "simple"."Reclamo" ha sido inicializado
07:37:25,145  [Schema               Thread-3   DEBUG]  La tabla "simple"."SimpleObject" va a manejar la persistencia de los campos de la clase domainapp.modules.simple.dom.impl.SimpleObject (estrategia de heredar="new-table")
07:37:25,145  [Schema               Thread-3   DEBUG]  La columna ""simple"."SimpleObject"."name"" añadió a la representación de la table.
07:37:25,146  [Schema               Thread-3   DEBUG]  Campo [domainapp.modules.simple.dom.impl.SimpleObject.name] -> Columnas ["simple"."SimpleObject"."name"] usando mapping del tipo "org.datanucleus.store.rdbms.mapping.java.StringMapping" (org.datanucleus.store.rdbms.mapping.datastore.VarCharRDBMSMapping)
07:37:25,146  [Schema               Thread-3   DEBUG]  La columna ""simple"."SimpleObject"."notes"" añadió a la representación de la table.
07:37:25,146  [Schema               Thread-3   DEBUG]  Campo [domainapp.modules.simple.dom.impl.SimpleObject.notes] -> Columnas ["simple"."SimpleObject"."notes"] usando mapping del tipo "org.datanucleus.store.rdbms.mapping.java.StringMapping" (org.datanucleus.store.rdbms.mapping.datastore.VarCharRDBMSMapping)
07:37:25,146  [Schema               Thread-3   DEBUG]  La columna ""simple"."SimpleObject"."version"" añadió a la representación de la table.
07:37:25,146  [Schema               Thread-3   DEBUG]  Campo [VERSION] -> Columnas ["simple"."SimpleObject"."version"] usando mapping del tipo "org.datanucleus.store.rdbms.mapping.java.VersionTimestampMapping" (org.datanucleus.store.rdbms.mapping.datastore.TimestampRDBMSMapping)
07:37:25,146  [Schema               Thread-3   DEBUG]  Table/View "simple"."SimpleObject" ha sido inicializado
07:37:25,146  [Schema               Thread-3   DEBUG]  La tabla "simple"."Operador" va a manejar la persistencia de los campos de la clase domainapp.modules.simple.dom.operador.Operador (estrategia de heredar="new-table")
07:37:25,146  [Schema               Thread-3   DEBUG]  La columna ""simple"."Operador"."apellido"" añadió a la representación de la table.
07:37:25,147  [Schema               Thread-3   DEBUG]  Campo [domainapp.modules.simple.dom.operador.Operador.apellido] -> Columnas ["simple"."Operador"."apellido"] usando mapping del tipo "org.datanucleus.store.rdbms.mapping.java.StringMapping" (org.datanucleus.store.rdbms.mapping.datastore.VarCharRDBMSMapping)
07:37:25,147  [Schema               Thread-3   DEBUG]  La columna ""simple"."Operador"."contrasef1a"" añadió a la representación de la table.
07:37:25,147  [Schema               Thread-3   DEBUG]  Campo [domainapp.modules.simple.dom.operador.Operador.contraseña] -> Columnas ["simple"."Operador"."contrasef1a"] usando mapping del tipo "org.datanucleus.store.rdbms.mapping.java.StringMapping" (org.datanucleus.store.rdbms.mapping.datastore.VarCharRDBMSMapping)
07:37:25,147  [Schema               Thread-3   DEBUG]  La columna ""simple"."Operador"."nombre"" añadió a la representación de la table.
07:37:25,147  [Schema               Thread-3   DEBUG]  Campo [domainapp.modules.simple.dom.operador.Operador.nombre] -> Columnas ["simple"."Operador"."nombre"] usando mapping del tipo "org.datanucleus.store.rdbms.mapping.java.StringMapping" (org.datanucleus.store.rdbms.mapping.datastore.VarCharRDBMSMapping)
07:37:25,148  [Schema               Thread-3   DEBUG]  La columna ""simple"."Operador"."usuario"" añadió a la representación de la table.
07:37:25,148  [Schema               Thread-3   DEBUG]  Campo [domainapp.modules.simple.dom.operador.Operador.usuario] -> Columnas ["simple"."Operador"."usuario"] usando mapping del tipo "org.datanucleus.store.rdbms.mapping.java.StringMapping" (org.datanucleus.store.rdbms.mapping.datastore.VarCharRDBMSMapping)
07:37:25,148  [Schema               Thread-3   DEBUG]  La columna ""simple"."Operador"."version"" añadió a la representación de la table.
07:37:25,148  [Schema               Thread-3   DEBUG]  Campo [VERSION] -> Columnas ["simple"."Operador"."version"] usando mapping del tipo "org.datanucleus.store.rdbms.mapping.java.VersionTimestampMapping" (org.datanucleus.store.rdbms.mapping.datastore.TimestampRDBMSMapping)
07:37:25,148  [Schema               Thread-3   DEBUG]  Table/View "simple"."Operador" ha sido inicializado
07:37:25,148  [Schema               Thread-3   DEBUG]  La tabla "simple"."Tecnico" va a manejar la persistencia de los campos de la clase domainapp.modules.simple.dom.tecnico.Tecnico (estrategia de heredar="new-table")
07:37:25,148  [Schema               Thread-3   DEBUG]  La columna ""simple"."Tecnico"."apellido"" añadió a la representación de la table.
07:37:25,149  [Schema               Thread-3   DEBUG]  Campo [domainapp.modules.simple.dom.tecnico.Tecnico.apellido] -> Columnas ["simple"."Tecnico"."apellido"] usando mapping del tipo "org.datanucleus.store.rdbms.mapping.java.StringMapping" (org.datanucleus.store.rdbms.mapping.datastore.VarCharRDBMSMapping)
07:37:25,149  [Schema               Thread-3   DEBUG]  La columna ""simple"."Tecnico"."dni"" añadió a la representación de la table.
07:37:25,149  [Schema               Thread-3   DEBUG]  Campo [domainapp.modules.simple.dom.tecnico.Tecnico.dni] -> Columnas ["simple"."Tecnico"."dni"] usando mapping del tipo "org.datanucleus.store.rdbms.mapping.java.StringMapping" (org.datanucleus.store.rdbms.mapping.datastore.VarCharRDBMSMapping)
07:37:25,149  [Schema               Thread-3   DEBUG]  La columna ""simple"."Tecnico"."nombre"" añadió a la representación de la table.
07:37:25,150  [Schema               Thread-3   DEBUG]  Campo [domainapp.modules.simple.dom.tecnico.Tecnico.nombre] -> Columnas ["simple"."Tecnico"."nombre"] usando mapping del tipo "org.datanucleus.store.rdbms.mapping.java.StringMapping" (org.datanucleus.store.rdbms.mapping.datastore.VarCharRDBMSMapping)
07:37:25,150  [Schema               Thread-3   DEBUG]  La columna ""simple"."Tecnico"."version"" añadió a la representación de la table.
07:37:25,150  [Schema               Thread-3   DEBUG]  Campo [VERSION] -> Columnas ["simple"."Tecnico"."version"] usando mapping del tipo "org.datanucleus.store.rdbms.mapping.java.VersionTimestampMapping" (org.datanucleus.store.rdbms.mapping.datastore.TimestampRDBMSMapping)
07:37:25,150  [Schema               Thread-3   DEBUG]  Table/View "simple"."Tecnico" ha sido inicializado
07:37:25,152  [Schema               Thread-3   DEBUG]  Empezando transaccion del esquema con conneccion "org.datanucleus.store.rdbms.datasource.dbcp.PoolingDataSource$PoolGuardConnectionWrapper@f3a350" y isolacion "serializable"
07:37:25,156  [Schema               Thread-3   DEBUG]  Check of existence of "simple"."Reclamo" returned no table
07:37:25,157  [Schema               Thread-3   DEBUG]  Crear la tabla "simple"."Reclamo"
07:37:25,157  [Schema               Thread-3   DEBUG]  CREATE TABLE "simple"."Reclamo"
(
    "id" BIGINT GENERATED BY DEFAULT AS IDENTITY,
    "apellido" VARCHAR(40) NOT NULL,
    "direccion" VARCHAR(40) NOT NULL,
    "nombre" VARCHAR(40) NOT NULL,
    "telefono" VARCHAR(40) NOT NULL,
    "version" TIMESTAMP NOT NULL,
    CONSTRAINT "Reclamo_PK" PRIMARY KEY ("id")
)
07:37:25,159  [Schema               Thread-3   DEBUG]  Tiempo de cumplir = 2 ms
07:37:25,163  [Schema               Thread-3   DEBUG]  Check of existence of "simple"."SimpleObject" returned no table
07:37:25,163  [Schema               Thread-3   DEBUG]  Crear la tabla "simple"."SimpleObject"
07:37:25,164  [Schema               Thread-3   DEBUG]  CREATE TABLE "simple"."SimpleObject"
(
    "id" BIGINT GENERATED BY DEFAULT AS IDENTITY,
    "name" VARCHAR(40) NOT NULL,
    "notes" VARCHAR(4000) NULL,
    "version" TIMESTAMP NOT NULL,
    CONSTRAINT "SimpleObject_PK" PRIMARY KEY ("id")
)
07:37:25,165  [Schema               Thread-3   DEBUG]  Tiempo de cumplir = 1 ms
07:37:25,169  [Schema               Thread-3   DEBUG]  Check of existence of "simple"."Operador" returned no table
07:37:25,170  [Schema               Thread-3   DEBUG]  Crear la tabla "simple"."Operador"
07:37:25,170  [Schema               Thread-3   DEBUG]  CREATE TABLE "simple"."Operador"
(
    "id" BIGINT GENERATED BY DEFAULT AS IDENTITY,
    "apellido" VARCHAR(40) NOT NULL,
    "contrasef1a" VARCHAR(40) NOT NULL,
    "nombre" VARCHAR(40) NOT NULL,
    "usuario" VARCHAR(40) NOT NULL,
    "version" TIMESTAMP NOT NULL,
    CONSTRAINT "Operador_PK" PRIMARY KEY ("id")
)
07:37:25,172  [Schema               Thread-3   DEBUG]  Tiempo de cumplir = 2 ms
07:37:25,177  [Schema               Thread-3   DEBUG]  Check of existence of "simple"."Tecnico" returned no table
07:37:25,177  [Schema               Thread-3   DEBUG]  Crear la tabla "simple"."Tecnico"
07:37:25,177  [Schema               Thread-3   DEBUG]  CREATE TABLE "simple"."Tecnico"
(
    "id" BIGINT GENERATED BY DEFAULT AS IDENTITY,
    "apellido" VARCHAR(40) NOT NULL,
    "dni" VARCHAR(40) NOT NULL,
    "nombre" VARCHAR(40) NOT NULL,
    "version" TIMESTAMP NOT NULL,
    CONSTRAINT "Tecnico_PK" PRIMARY KEY ("id")
)
07:37:25,179  [Schema               Thread-3   DEBUG]  Tiempo de cumplir = 2 ms
07:37:25,183  [Schema               Thread-3   DEBUG]  Crear la llave unica "Reclamo_nombre_UNQ" en catalogo "" equema ""simple""
07:37:25,184  [Schema               Thread-3   DEBUG]  ALTER TABLE "simple"."Reclamo" ADD CONSTRAINT "Reclamo_nombre_UNQ" UNIQUE ("nombre")
07:37:25,186  [Schema               Thread-3   DEBUG]  Tiempo de cumplir = 2 ms
07:37:25,187  [Schema               Thread-3   DEBUG]  Crear la llave unica "SimpleObject_name_UNQ" en catalogo "" equema ""simple""
07:37:25,187  [Schema               Thread-3   DEBUG]  ALTER TABLE "simple"."SimpleObject" ADD CONSTRAINT "SimpleObject_name_UNQ" UNIQUE ("name")
07:37:25,188  [Schema               Thread-3   DEBUG]  Tiempo de cumplir = 1 ms
07:37:25,188  [Schema               Thread-3   DEBUG]  Crear la llave unica "Operador_nombre_UNQ" en catalogo "" equema ""simple""
07:37:25,188  [Schema               Thread-3   DEBUG]  ALTER TABLE "simple"."Operador" ADD CONSTRAINT "Operador_nombre_UNQ" UNIQUE ("nombre")
07:37:25,190  [Schema               Thread-3   DEBUG]  Tiempo de cumplir = 2 ms
07:37:25,190  [Schema               Thread-3   DEBUG]  Crear la llave unica "Tecnico_nombre_UNQ" en catalogo "" equema ""simple""
07:37:25,190  [Schema               Thread-3   DEBUG]  ALTER TABLE "simple"."Tecnico" ADD CONSTRAINT "Tecnico_nombre_UNQ" UNIQUE ("nombre")
07:37:25,191  [Schema               Thread-3   DEBUG]  Tiempo de cumplir = 1 ms
07:37:25,192  [Schema               Thread-3   DEBUG]  Committing transaccion del esquema "org.datanucleus.store.rdbms.datasource.dbcp.PoolingDataSource$PoolGuardConnectionWrapper@f3a350"
07:37:25,192  [Schema               Thread-3   DEBUG]  Cerrando la conneccion de la transaccion del esquema "org.datanucleus.store.rdbms.datasource.dbcp.PoolingDataSource$PoolGuardConnectionWrapper@f3a350"
07:37:25,192  [ThreadPoolSupport    main       INFO ]  join'ing 5 tasks: waited 0 milliseconds 
2426  [ThreadPoolSupport         main       INFO ]  join'ing 5 tasks: waited 0 milliseconds 
07:37:25,320  [ServiceInitializer   main       INFO ]  calling @PostConstruct on all domain services
2554  [ServiceInitializer        main       INFO ]  calling @PostConstruct on all domain services
07:37:25,456  [EmailServiceDefault  main       WARN ]  NOT configured
2690  [EmailServiceDefault       main       WARN ]  NOT configured
07:37:25,628  [IsisSystemBootstrapper main       INFO ]  ##########################################################################
2862  [IsisSystemBootstrapper    main       INFO ]  ##########################################################################
07:37:25,628  [IsisSystemBootstrapper main       INFO ]  # Bootstrapped in 2847 millis
2862  [IsisSystemBootstrapper    main       INFO ]  # Bootstrapped in 2847 millis
07:37:25,628  [IsisSystemBootstrapper main       INFO ]  ##########################################################################
2862  [IsisSystemBootstrapper    main       INFO ]  ##########################################################################
                                                            : EXEC org.apache.isis.applib.AppManifestAbstract2$1
07:37:25,648  [HeadlessWithBootstrappingAbstract main       INFO ]  ### TEST: domainapp.application.integtests.mml.MetaModelService_IntegTest
2882  [WithBootstrappingAbstract main       INFO ]  ### TEST: domainapp.application.integtests.mml.MetaModelService_IntegTest
                                                            : EXEC org.apache.isis.applib.AppManifestAbstract2$2
/                                                           : EXEC domainapp.modules.simple.SimpleModule$1
]]></system-out>
  </testcase>
  <testcase name="_1_learn" classname="domainapp.application.integtests.mml.MetaModelService_IntegTest" time="0">
    <skipped/>
    <system-out><![CDATA[07:37:25,681  [HeadlessWithBootstrappingAbstract main       INFO ]  isis.integTest.module = 
2915  [WithBootstrappingAbstract main       INFO ]  isis.integTest.module = 
                                                            : EXEC org.apache.isis.applib.AppManifestAbstract2$1
07:37:25,683  [HeadlessWithBootstrappingAbstract main       INFO ]  ### TEST: domainapp.application.integtests.mml.MetaModelService_IntegTest
2917  [WithBootstrappingAbstract main       INFO ]  ### TEST: domainapp.application.integtests.mml.MetaModelService_IntegTest
                                                            : EXEC org.apache.isis.applib.AppManifestAbstract2$2
/                                                           : EXEC domainapp.modules.simple.SimpleModule$1
]]></system-out>
  </testcase>
</testsuite>